<?xml version="1.0" encoding="UTF-8" ?>
<testsuite tests="12" failures="6" name="brice_crx.tp3.ImagePgmTest" time="0.032" errors="0" skipped="0">
  <properties>
    <property name="java.runtime.name" value="Java(TM) SE Runtime Environment"/>
    <property name="java.vm.version" value="18.0.2.1+1-1"/>
    <property name="sun.boot.library.path" value="C:\Program Files\Java\jdk-18.0.2.1\bin"/>
    <property name="maven.multiModuleProjectDirectory" value="C:\Users\conra\OneDrive\Documents\EI3\MEDEV\tp3\tp-pgm-canal_conraux\TP3"/>
    <property name="java.vm.vendor" value="Oracle Corporation"/>
    <property name="java.vendor.url" value="https://java.oracle.com/"/>
    <property name="guice.disable.misplaced.annotation.check" value="true"/>
    <property name="path.separator" value=";"/>
    <property name="java.vm.name" value="Java HotSpot(TM) 64-Bit Server VM"/>
    <property name="sun.os.patch.level" value=""/>
    <property name="user.script" value=""/>
    <property name="user.country" value="FR"/>
    <property name="sun.java.launcher" value="SUN_STANDARD"/>
    <property name="test" value="brice_crx.tp3.ImagePgmTest"/>
    <property name="java.vm.specification.name" value="Java Virtual Machine Specification"/>
    <property name="user.dir" value="C:\Users\conra\OneDrive\Documents\EI3\MEDEV\tp3\tp-pgm-canal_conraux\TP3"/>
    <property name="java.vm.compressedOopsMode" value="Zero based"/>
    <property name="java.runtime.version" value="18.0.2.1+1-1"/>
    <property name="os.arch" value="amd64"/>
    <property name="java.io.tmpdir" value="C:\Users\conra\AppData\Local\Temp\"/>
    <property name="line.separator" value="
"/>
    <property name="java.vm.specification.vendor" value="Oracle Corporation"/>
    <property name="user.variant" value=""/>
    <property name="os.name" value="Windows 11"/>
    <property name="maven.ext.class.path" value="C:\Program Files\NetBeans-14\netbeans\java\maven-nblib\netbeans-eventspy.jar"/>
    <property name="classworlds.conf" value="C:\Program Files\NetBeans-14\netbeans\java\maven\bin\m2.conf"/>
    <property name="sun.jnu.encoding" value="Cp1252"/>
    <property name="java.library.path" value="C:\Program Files\Java\jdk-18.0.2.1\bin;C:\WINDOWS\Sun\Java\bin;C:\WINDOWS\system32;C:\WINDOWS;C:\Program Files\Common Files\Oracle\Java\javapath;C:\Program Files\PlasticSCM5\server;C:\Program Files\PlasticSCM5\client;C:\Program Files (x86)\Common Files\Oracle\Java\javapath;C:\Program Files\Oculus\Support\oculus-runtime;C:\windows\system32;C:\windows;C:\windows\System32\Wbem;C:\windows\System32\WindowsPowerShell\v1.0\;C:\windows\System32\OpenSSH\;C:\Program Files (x86)\NVIDIA Corporation\PhysX\Common;C:\Program Files\NVIDIA Corporation\NVIDIA NvDLISR;C:\WINDOWS\system32;C:\WINDOWS;C:\WINDOWS\System32\Wbem;C:\WINDOWS\System32\WindowsPowerShell\v1.0\;C:\WINDOWS\System32\OpenSSH\;C:\Program Files\Git\cmd;C:\Program Files\Git LFS;C:\Program Files\SourceGear\Common\DiffMerge\;C:\WINDOWS\system32;C:\WINDOWS;C:\WINDOWS\System32\Wbem;C:\WINDOWS\System32\WindowsPowerShell\v1.0\;C:\WINDOWS\System32\OpenSSH\;C:\Program Files\TortoiseSVN\bin;C:\Program Files\nodejs\;C:\ProgramData\chocolatey\bin;C:\Users\conra\AppData\Local\Microsoft\WindowsApps;C:\Users\conra\AppData\Local\Programs\Microsoft VS Code\bin;C:\Program Files (x86)\Nmap;C:\Users\conra\AppData\Local\GitHubDesktop\bin;C:\Users\conra\AppData\Local\gitkraken\bin;C:\Users\conra\AppData\Roaming\npm;."/>
    <property name="maven.conf" value="C:\Program Files\NetBeans-14\netbeans\java\maven/conf"/>
    <property name="jdk.debug" value="release"/>
    <property name="java.class.version" value="62.0"/>
    <property name="java.specification.name" value="Java Platform API Specification"/>
    <property name="sun.management.compiler" value="HotSpot 64-Bit Tiered Compilers"/>
    <property name="os.version" value="10.0"/>
    <property name="library.jansi.path" value="C:\Program Files\NetBeans-14\netbeans\java\maven\lib\jansi-native"/>
    <property name="user.home" value="C:\Users\conra"/>
    <property name="user.timezone" value="Europe/Paris"/>
    <property name="file.encoding" value="UTF-8"/>
    <property name="java.specification.version" value="18"/>
    <property name="user.name" value="conra"/>
    <property name="java.class.path" value="C:\Program Files\NetBeans-14\netbeans\java\maven\boot\plexus-classworlds-2.6.0.jar"/>
    <property name="java.vm.specification.version" value="18"/>
    <property name="sun.arch.data.model" value="64"/>
    <property name="sun.java.command" value="org.codehaus.plexus.classworlds.launcher.Launcher -Dtest=brice_crx.tp3.ImagePgmTest -Dmaven.ext.class.path=C:\Program Files\NetBeans-14\netbeans\java\maven-nblib\netbeans-eventspy.jar surefire:test"/>
    <property name="java.home" value="C:\Program Files\Java\jdk-18.0.2.1"/>
    <property name="user.language" value="fr"/>
    <property name="java.specification.vendor" value="Oracle Corporation"/>
    <property name="java.vm.info" value="mixed mode, sharing"/>
    <property name="java.version" value="18.0.2.1"/>
    <property name="native.encoding" value="Cp1252"/>
    <property name="java.vendor" value="Oracle Corporation"/>
    <property name="maven.home" value="C:\Program Files\NetBeans-14\netbeans\java\maven"/>
    <property name="file.separator" value="\"/>
    <property name="java.version.date" value="2022-08-18"/>
    <property name="java.vendor.url.bug" value="https://bugreport.java.com/bugreport/"/>
    <property name="sun.io.unicode.encoding" value="UnicodeLittle"/>
    <property name="sun.cpu.endian" value="little"/>
    <property name="sun.cpu.isalist" value="amd64"/>
  </properties>
  <testcase classname="brice_crx.tp3.ImagePgmTest" name="brice_crx.tp3.ImagePgmTest.testSeuil" time="0.017">
    <failure message="Cannot invoke &quot;brice_crx.tp3.ImagePgm.seuil(int)&quot; because &quot;instance&quot; is null" type="java.lang.NullPointerException">java.lang.NullPointerException: Cannot invoke &quot;brice_crx.tp3.ImagePgm.seuil(int)&quot; because &quot;instance&quot; is null
	at brice_crx.tp3.ImagePgmTest.testSeuil(ImagePgmTest.java:131)
</failure>
    <system-out>seuil
</system-out>
  </testcase>
  <testcase classname="brice_crx.tp3.ImagePgmTest" name="brice_crx.tp3.ImagePgmTest.testRetrecissement" time="0">
    <failure message="Cannot invoke &quot;brice_crx.tp3.ImagePgm.retrecissement(int)&quot; because &quot;instance&quot; is null" type="java.lang.NullPointerException">java.lang.NullPointerException: Cannot invoke &quot;brice_crx.tp3.ImagePgm.retrecissement(int)&quot; because &quot;instance&quot; is null
	at brice_crx.tp3.ImagePgmTest.testRetrecissement(ImagePgmTest.java:170)
</failure>
    <system-out>retrecissement
</system-out>
  </testcase>
  <testcase classname="brice_crx.tp3.ImagePgmTest" name="brice_crx.tp3.ImagePgmTest.testGetWidth" time="0.002"/>
  <testcase classname="brice_crx.tp3.ImagePgmTest" name="brice_crx.tp3.ImagePgmTest.testGetHeight" time="0.002"/>
  <testcase classname="brice_crx.tp3.ImagePgmTest" name="brice_crx.tp3.ImagePgmTest.testSetWidth" time="0.001"/>
  <testcase classname="brice_crx.tp3.ImagePgmTest" name="brice_crx.tp3.ImagePgmTest.testSetHeight" time="0.001"/>
  <testcase classname="brice_crx.tp3.ImagePgmTest" name="brice_crx.tp3.ImagePgmTest.testGetImage" time="0.003">
    <failure message="The test case is a prototype." type="org.opentest4j.AssertionFailedError">org.opentest4j.AssertionFailedError: The test case is a prototype.
	at org.junit.jupiter.api.AssertionUtils.fail(AssertionUtils.java:39)
	at org.junit.jupiter.api.Assertions.fail(Assertions.java:109)
	at brice_crx.tp3.ImagePgmTest.testGetImage(ImagePgmTest.java:120)
</failure>
    <system-out>getImage
</system-out>
  </testcase>
  <testcase classname="brice_crx.tp3.ImagePgmTest" name="brice_crx.tp3.ImagePgmTest.testDifference" time="0.001">
    <failure message="Cannot invoke &quot;brice_crx.tp3.ImagePgm.difference(brice_crx.tp3.ImagePgm)&quot; because &quot;instance&quot; is null" type="java.lang.NullPointerException">java.lang.NullPointerException: Cannot invoke &quot;brice_crx.tp3.ImagePgm.difference(brice_crx.tp3.ImagePgm)&quot; because &quot;instance&quot; is null
	at brice_crx.tp3.ImagePgmTest.testDifference(ImagePgmTest.java:144)
</failure>
    <system-out>difference
</system-out>
  </testcase>
  <testcase classname="brice_crx.tp3.ImagePgmTest" name="brice_crx.tp3.ImagePgmTest.testAgrandissement" time="0">
    <failure message="Cannot invoke &quot;brice_crx.tp3.ImagePgm.agrandissement(int)&quot; because &quot;instance&quot; is null" type="java.lang.NullPointerException">java.lang.NullPointerException: Cannot invoke &quot;brice_crx.tp3.ImagePgm.agrandissement(int)&quot; because &quot;instance&quot; is null
	at brice_crx.tp3.ImagePgmTest.testAgrandissement(ImagePgmTest.java:157)
</failure>
    <system-out>agrandissement
</system-out>
  </testcase>
  <testcase classname="brice_crx.tp3.ImagePgmTest" name="brice_crx.tp3.ImagePgmTest.testGetHighestGreyLevel" time="0.001"/>
  <testcase classname="brice_crx.tp3.ImagePgmTest" name="brice_crx.tp3.ImagePgmTest.testSetPgmExtension" time="0.003">
    <failure message="Range [-3, 0) out of bounds for length 0" type="java.lang.StringIndexOutOfBoundsException">java.lang.StringIndexOutOfBoundsException: Range [-3, 0) out of bounds for length 0
	at java.base/jdk.internal.util.Preconditions$1.apply(Preconditions.java:55)
	at java.base/jdk.internal.util.Preconditions$1.apply(Preconditions.java:52)
	at java.base/jdk.internal.util.Preconditions$4.apply(Preconditions.java:213)
	at java.base/jdk.internal.util.Preconditions$4.apply(Preconditions.java:210)
	at java.base/jdk.internal.util.Preconditions.outOfBounds(Preconditions.java:98)
	at java.base/jdk.internal.util.Preconditions.outOfBoundsCheckFromToIndex(Preconditions.java:112)
	at java.base/jdk.internal.util.Preconditions.checkFromToIndex(Preconditions.java:349)
	at java.base/java.lang.String.checkBoundsBeginEnd(String.java:4589)
	at java.base/java.lang.String.substring(String.java:2703)
	at brice_crx.tp3.ImagePgm.setPgmExtension(ImagePgm.java:355)
	at brice_crx.tp3.ImagePgmTest.testSetPgmExtension(ImagePgmTest.java:183)
</failure>
    <system-out>setPgmExtension
</system-out>
  </testcase>
  <testcase classname="brice_crx.tp3.ImagePgmTest" name="brice_crx.tp3.ImagePgmTest.testSetHighestGreyLevel" time="0.001"/>
</testsuite>