<?xml version="1.0" encoding="UTF-8" ?>
<testsuite tests="12" failures="6" name="brice_crx.tp3.ImagePgmTest" time="0.032" errors="0" skipped="0">
  <properties>
[...]
</properties>
  <testcase classname="brice_crx.tp3.ImagePgmTest" name="brice_crx.tp3.ImagePgmTest.testSeuil" time="0.017">
    <failure message="Cannot invoke &quot;brice_crx.tp3.ImagePgm.seuil(int)&quot; because &quot;instance&quot; is null" type="java.lang.NullPointerException">java.lang.NullPointerException: Cannot invoke &quot;brice_crx.tp3.ImagePgm.seuil(int)&quot; because &quot;instance&quot; is null
	at brice_crx.tp3.ImagePgmTest.testSeuil(ImagePgmTest.java:131)
</failure>
    <system-out>seuil
</system-out>
  </testcase>
  <testcase classname="brice_crx.tp3.ImagePgmTest" name="brice_crx.tp3.ImagePgmTest.testRetrecissement" time="0">
    <failure message="Cannot invoke &quot;brice_crx.tp3.ImagePgm.retrecissement(int)&quot; because &quot;instance&quot; is null" type="java.lang.NullPointerException">java.lang.NullPointerException: Cannot invoke &quot;brice_crx.tp3.ImagePgm.retrecissement(int)&quot; because &quot;instance&quot; is null
	at brice_crx.tp3.ImagePgmTest.testRetrecissement(ImagePgmTest.java:170)
</failure>
    <system-out>retrecissement
</system-out>
  </testcase>
  <testcase classname="brice_crx.tp3.ImagePgmTest" name="brice_crx.tp3.ImagePgmTest.testGetWidth" time="0.002"/>
  <testcase classname="brice_crx.tp3.ImagePgmTest" name="brice_crx.tp3.ImagePgmTest.testGetHeight" time="0.002"/>
  <testcase classname="brice_crx.tp3.ImagePgmTest" name="brice_crx.tp3.ImagePgmTest.testSetWidth" time="0.001"/>
  <testcase classname="brice_crx.tp3.ImagePgmTest" name="brice_crx.tp3.ImagePgmTest.testSetHeight" time="0.001"/>
  <testcase classname="brice_crx.tp3.ImagePgmTest" name="brice_crx.tp3.ImagePgmTest.testGetImage" time="0.003">
    <failure message="The test case is a prototype." type="org.opentest4j.AssertionFailedError">org.opentest4j.AssertionFailedError: The test case is a prototype.
	at org.junit.jupiter.api.AssertionUtils.fail(AssertionUtils.java:39)
	at org.junit.jupiter.api.Assertions.fail(Assertions.java:109)
	at brice_crx.tp3.ImagePgmTest.testGetImage(ImagePgmTest.java:120)
</failure>
    <system-out>getImage
</system-out>
  </testcase>
  <testcase classname="brice_crx.tp3.ImagePgmTest" name="brice_crx.tp3.ImagePgmTest.testDifference" time="0.001">
    <failure message="Cannot invoke &quot;brice_crx.tp3.ImagePgm.difference(brice_crx.tp3.ImagePgm)&quot; because &quot;instance&quot; is null" type="java.lang.NullPointerException">java.lang.NullPointerException: Cannot invoke &quot;brice_crx.tp3.ImagePgm.difference(brice_crx.tp3.ImagePgm)&quot; because &quot;instance&quot; is null
	at brice_crx.tp3.ImagePgmTest.testDifference(ImagePgmTest.java:144)
</failure>
    <system-out>difference
</system-out>
  </testcase>
  <testcase classname="brice_crx.tp3.ImagePgmTest" name="brice_crx.tp3.ImagePgmTest.testAgrandissement" time="0">
    <failure message="Cannot invoke &quot;brice_crx.tp3.ImagePgm.agrandissement(int)&quot; because &quot;instance&quot; is null" type="java.lang.NullPointerException">java.lang.NullPointerException: Cannot invoke &quot;brice_crx.tp3.ImagePgm.agrandissement(int)&quot; because &quot;instance&quot; is null
	at brice_crx.tp3.ImagePgmTest.testAgrandissement(ImagePgmTest.java:157)
</failure>
    <system-out>agrandissement
</system-out>
  </testcase>
  <testcase classname="brice_crx.tp3.ImagePgmTest" name="brice_crx.tp3.ImagePgmTest.testGetHighestGreyLevel" time="0.001"/>
  <testcase classname="brice_crx.tp3.ImagePgmTest" name="brice_crx.tp3.ImagePgmTest.testSetPgmExtension" time="0.003">
    <failure message="Range [-3, 0) out of bounds for length 0" type="java.lang.StringIndexOutOfBoundsException">java.lang.StringIndexOutOfBoundsException: Range [-3, 0) out of bounds for length 0
	at java.base/jdk.internal.util.Preconditions$1.apply(Preconditions.java:55)
	at java.base/jdk.internal.util.Preconditions$1.apply(Preconditions.java:52)
	at java.base/jdk.internal.util.Preconditions$4.apply(Preconditions.java:213)
	at java.base/jdk.internal.util.Preconditions$4.apply(Preconditions.java:210)
	at java.base/jdk.internal.util.Preconditions.outOfBounds(Preconditions.java:98)
	at java.base/jdk.internal.util.Preconditions.outOfBoundsCheckFromToIndex(Preconditions.java:112)
	at java.base/jdk.internal.util.Preconditions.checkFromToIndex(Preconditions.java:349)
	at java.base/java.lang.String.checkBoundsBeginEnd(String.java:4589)
	at java.base/java.lang.String.substring(String.java:2703)
	at brice_crx.tp3.ImagePgm.setPgmExtension(ImagePgm.java:355)
	at brice_crx.tp3.ImagePgmTest.testSetPgmExtension(ImagePgmTest.java:183)
</failure>
    <system-out>setPgmExtension
</system-out>
  </testcase>
  <testcase classname="brice_crx.tp3.ImagePgmTest" name="brice_crx.tp3.ImagePgmTest.testSetHighestGreyLevel" time="0.001"/>
</testsuite>